<?xml version="1.0" encoding="UTF-8"?>
<!-- Generated by org.testng.reporters.JUnitReportReporter -->
<testsuite hostname="User-PC" name="mypackage.Simpleclass" tests="2" failures="0" timestamp="15 Feb 2015 18:30:43 GMT" time="0.030" errors="0">
  <testcase name="myfunc" time="0.027" classname="mypackage.Simpleclass"/>
  <testcase name="myfunc2" time="0.003" classname="mypackage.Simpleclass"/>
</testsuite> <!-- mypackage.Simpleclass -->
