<?xml version="1.0" encoding="UTF-8"?>
<!-- Generated by org.testng.reporters.JUnitReportReporter -->
<testsuite hostname="User-PC" name="mypackage.Admeal" tests="1" failures="0" timestamp="14 Aug 2014 04:04:51 GMT" time="6.436" errors="0">
  <testcase name="testUntitled" time="6.436" classname="mypackage.Admeal"/>
</testsuite> <!-- mypackage.Admeal -->
