<?xml version="1.0" encoding="UTF-8"?>
<!-- Generated by org.testng.reporters.JUnitReportReporter -->
<testsuite hostname="User-PC" name="mypackage.Myclass" tests="5" failures="0" timestamp="17 Aug 2014 03:44:09 GMT" time="0.038" errors="0">
  <testcase name="main3" time="0.001" classname="mypackage.Myclass"/>
  <testcase name="main1" time="0.001" classname="mypackage.Myclass"/>
  <testcase name="main2" time="0.001" classname="mypackage.Myclass"/>
  <testcase name="main1" time="0.034" classname="mypackage.Myclass"/>
  <testcase name="main2" time="0.001" classname="mypackage.Myclass"/>
</testsuite> <!-- mypackage.Myclass -->
